<?xml version="1.0" encoding="UTF-8"?>
<testsuite name="ReadabilityTest" tests="1" skipped="0" failures="0" errors="0" timestamp="2020-06-26T17:19:01" hostname="/0:0:0:0:0:0:0:1%lo" time="0.137">
  <properties/>
  <testcase name="start" classname="ReadabilityTest" time="0.137"/>
  <system-out><![CDATA[?[1;31m
Start test 1?[0m
The text is:

Words: 108
Sentences: 6
Characters: 580
Syllables: 192
Polysyllables: 20
Enter the score you want to calculate (ARI, FK, SMOG, CL, all): 
> all
Automated Readability Index: 12.864444 (about 24 year olds)
Flesch–Kincaid readability tests: 12.407778 (about 24 year olds)
Simple Measure of Gobbledygook: 13.559100 (about 99 year olds)
Coleman–Liau index: 14.133333 (about 99 year olds)
?[1;31m
Start test 2?[0m
The text is:

Words: 137
Sentences: 14
Characters: 687
Syllables: 200
Polysyllables: 17
Enter the score you want to calculate (ARI, FK, SMOG, CL, all): 
> all
Automated Readability Index: 7.081616 (about 14 year olds)
Flesch–Kincaid readability tests: 5.452706 (about 12 year olds)
Simple Measure of Gobbledygook: 9.424240 (about 16 year olds)
Coleman–Liau index: 10.661022 (about 17 year olds)
?[1;31m
Start test 3?[0m
The text is:

Words: 180
Sentences: 13
Characters: 982
Syllables: 297
Polysyllables: 34
Enter the score you want to calculate (ARI, FK, SMOG, CL, all): 
> all
Automated Readability Index: 11.188744 (about 18 year olds)
Flesch–Kincaid readability tests: 9.280000 (about 16 year olds)
Simple Measure of Gobbledygook: 12.367839 (about 24 year olds)
Coleman–Liau index: 14.140889 (about 99 year olds)
]]></system-out>
  <system-err><![CDATA[]]></system-err>
</testsuite>
